Build started 4/21/2017 12:41:26 AM.
     1>Project "C:\Users\Paras\Documents\Visual Studio 2012\Projects\HW2\HW2\HW2.vcxproj" on node 2 (Build target(s)).
     1>ClCompile:
         E:\Software\Microsoft Visual Studio\VC\bin\CL.exe /c /ZI /nologo /W3 /WX- /Od /Oy- /D WIN32 /D _DEBUG /D _CONSOLE /D _UNICODE /D UNICODE /Gm /EHsc /RTC1 /MDd /GS /fp:precise /Zc:wchar_t /Zc:forScope /Fo"Debug\\" /Fd"Debug\vc110.pdb" /Gd /TP /analyze- /errorReport:prompt Source.cpp
         Source.cpp
     1>c:\users\paras\documents\visual studio 2012\projects\hw2\hw2\source.cpp(102): fatal error C1071: unexpected end of file found in comment
     1>Done Building Project "C:\Users\Paras\Documents\Visual Studio 2012\Projects\HW2\HW2\HW2.vcxproj" (Build target(s)) -- FAILED.

Build FAILED.

Time Elapsed 00:00:03.20
